[dotenv@17.3.1] injecting env (12) from .env -- tip: ΓÜÖ∩╕Å  override existing env vars with { override: true }
Γ£à Environment variables validated
node : ValidationError: 
Custom keyGenerator 
appears to use request IP 
without calling the 
ipKeyGenerator helper 
function for IPv6 
addresses. This could 
allow IPv6 users to 
bypass limits. See https:/
/express-rate-limit.github
.io/ERR_ERL_KEY_GEN_IPV6/ 
for more information.
At line:1 char:1
+ node server.js 2>&1 | 
Out-File -FilePath 
server_new.log -Encoding 
UTF ...
+ ~~~~~~~~~~~~~~~~~~~
    + CategoryInfo        
      : NotSpecified: (V  
  alidationError...re i   
 nformation.:String) [    
], RemoteException
    + FullyQualifiedError 
   Id : NativeCommandErr  
  or
 
    at Object.keyGenerator
IpFallback (D:\TRNT 
BEE\TRNT BEE\BEEPREPARE\BE
EPREPARE-main\beeprepare-b
ackend\node_modules\expres
s-rate-limit\dist\index.cj
s:642:13)
    at wrappedValidations.
<computed> [as 
keyGeneratorIpFallback] 
(D:\TRNT BEE\TRNT BEE\BEEP
REPARE\BEEPREPARE-main\bee
prepare-backend\node_modul
es\express-rate-limit\dist
\index.cjs:685:22)
    at parseOptions 
(D:\TRNT BEE\TRNT BEE\BEEP
REPARE\BEEPREPARE-main\bee
prepare-backend\node_modul
es\express-rate-limit\dist
\index.cjs:755:16)
    at rateLimit (D:\TRNT 
BEE\TRNT BEE\BEEPREPARE\BE
EPREPARE-main\beeprepare-b
ackend\node_modules\expres
s-rate-limit\dist\index.cj
s:836:18)
    at Object.<anonymous> 
(D:\TRNT BEE\TRNT BEE\BEEP
REPARE\BEEPREPARE-main\bee
prepare-backend\middleware
\rateLimiters.js:17:29)
    at Module._compile (no
de:internal/modules/cjs/lo
ader:1761:14)
    at Object..js (node:in
ternal/modules/cjs/loader:
1893:10)
    at Module.load (node:i
nternal/modules/cjs/loader
:1481:32)
    at Module._load (node:
internal/modules/cjs/loade
r:1300:12)
    at 
TracingChannel.traceSync (
node:diagnostics_channel:3
28:14) {
  code: 
'ERR_ERL_KEY_GEN_IPV6',
  help: 'https://express-r
ate-limit.github.io/ERR_ER
L_KEY_GEN_IPV6/'
}
node:events:486
      throw er; // 
Unhandled 'error' event
      ^

Error: listen EADDRINUSE: 
address already in use 
:::5000
    at 
Server.setupListenHandle 
[as _listen2] 
(node:net:1940:16)
    at listenInCluster 
(node:net:1997:12)
    at Server.listen 
(node:net:2102:7)
    at app.listen 
(D:\TRNT BEE\TRNT BEE\BEEP
REPARE\BEEPREPARE-main\bee
prepare-backend\node_modul
es\express\lib\application
.js:635:24)
    at Object.<anonymous> 
(D:\TRNT BEE\TRNT BEE\BEEP
REPARE\BEEPREPARE-main\bee
prepare-backend\server.js:
162:20)
    at Module._compile (no
de:internal/modules/cjs/lo
ader:1761:14)
    at Object..js (node:in
ternal/modules/cjs/loader:
1893:10)
    at Module.load (node:i
nternal/modules/cjs/loader
:1481:32)
    at Module._load (node:
internal/modules/cjs/loade
r:1300:12)
    at 
TracingChannel.traceSync (
node:diagnostics_channel:3
28:14)
Emitted 'error' event on 
Server instance at:
    at emitErrorNT 
(node:net:1976:8)
    at process.processTick
sAndRejections (node:inter
nal/process/task_queues:89
:21) {
  code: 'EADDRINUSE',
  errno: -4091,
  syscall: 'listen',
  address: '::',
  port: 5000
}

Node.js v24.13.0
